2024-09-20T11:00:03.353Z [INFO]: 开始计算退休年龄: 出生年月 = 1988-2, 人员类型 = male
2024-09-20T11:00:03.355Z [INFO]: 改革后法定退休年龄: 63岁 0个月, 延迟月数: 36个月
2024-09-20T11:00:03.356Z [INFO]: 2030年及之后的最低缴费年限: 20年0个月
2024-09-20T11:00:03.357Z [INFO]: 自愿提前退休时间: 2048年2月, 自愿延长退休时间: 2054年2月
2024-09-20T11:00:03.362Z [INFO]: 延迟月数: 36个月, 改革后退休时间: 2051年2月, 最低缴费年限: 20年0个月
2024-09-20T11:00:03.546Z [INFO]: 开始计算退休年龄: 出生年月 = 1988-2, 人员类型 = male
2024-09-20T11:00:03.547Z [INFO]: 改革后法定退休年龄: 63岁 0个月, 延迟月数: 36个月
2024-09-20T11:00:03.548Z [INFO]: 2030年及之后的最低缴费年限: 20年0个月
2024-09-20T11:00:03.548Z [INFO]: 自愿提前退休时间: 2048年2月, 自愿延长退休时间: 2054年2月
2024-09-20T11:00:03.550Z [INFO]: 延迟月数: 36个月, 改革后退休时间: 2051年2月, 最低缴费年限: 20年0个月
2024-09-20T11:00:03.754Z [INFO]: 开始计算退休年龄: 出生年月 = 1988-2, 人员类型 = male
2024-09-20T11:00:03.756Z [INFO]: 改革后法定退休年龄: 63岁 0个月, 延迟月数: 36个月
2024-09-20T11:00:03.757Z [INFO]: 2030年及之后的最低缴费年限: 20年0个月
2024-09-20T11:00:03.758Z [INFO]: 自愿提前退休时间: 2048年2月, 自愿延长退休时间: 2054年2月
2024-09-20T11:00:03.760Z [INFO]: 延迟月数: 36个月, 改革后退休时间: 2051年2月, 最低缴费年限: 20年0个月
2024-09-20T11:03:19.223Z [INFO]: 开始计算退休年龄: 出生年月 = 1988-2, 人员类型 = male
2024-09-20T11:03:19.225Z [INFO]: 改革后法定退休年龄: 63岁 0个月, 延迟月数: 36个月
2024-09-20T11:03:19.226Z [INFO]: 2030年及之后的最低缴费年限: 20年0个月
2024-09-20T11:03:19.227Z [INFO]: 自愿提前退休时间: 2048年2月, 自愿延长退休时间: 2054年2月
2024-09-20T11:03:19.228Z [INFO]: 延迟月数: 36个月, 改革后退休时间: 2051年2月, 最低缴费年限: 20年0个月
2024-09-20T12:28:36.102Z [INFO]: 开始计算退休年龄: 出生年月 = 1967-2, 人员类型 = male
2024-09-20T12:28:36.104Z [INFO]: 改革后法定退休年龄: 60岁 7个月, 延迟月数: 7个月
2024-09-20T12:28:36.105Z [INFO]: 2030年之前的最低缴费年限: 15年
2024-09-20T12:28:36.106Z [INFO]: 自愿提前退休时间: 2027年2月, 自愿延长退休时间: 2030年9月
2024-09-20T12:28:36.108Z [INFO]: 延迟月数: 7个月, 改革后退休时间: 2027年9月, 最低缴费年限: 15年0个月
2024-09-20T12:35:40.168Z [INFO]: 开始计算退休年龄: 出生年月 = 1965-2, 人员类型 = female55
2024-09-20T12:35:40.169Z [INFO]: 出生于1970年1月之前，退休年龄为: 55岁
2024-09-20T12:35:40.172Z [INFO]: 2030年之前的最低缴费年限: 15年
2024-09-20T12:35:40.173Z [INFO]: 自愿提前退休时间: 2020年2月, 自愿延长退休时间: 2023年2月
2024-09-20T12:35:40.174Z [INFO]: 延迟月数: 0个月, 改革后退休时间: 2020年2月, 最低缴费年限: 15年0个月
2024-09-20T12:35:48.342Z [INFO]: 开始计算退休年龄: 出生年月 = 1988-2, 人员类型 = female55
2024-09-20T12:35:48.343Z [INFO]: 改革后法定退休年龄: 58岁 0个月, 延迟月数: 36个月
2024-09-20T12:35:48.344Z [INFO]: 2030年及之后的最低缴费年限: 20年0个月
2024-09-20T12:35:48.345Z [INFO]: 自愿提前退休时间: 2043年2月, 自愿延长退休时间: 2049年2月
2024-09-20T12:35:48.347Z [INFO]: 延迟月数: 36个月, 改革后退休时间: 2046年2月, 最低缴费年限: 20年0个月
2024-09-20T12:36:00.964Z [INFO]: 开始计算退休年龄: 出生年月 = 1976-12, 人员类型 = female50
2024-09-20T12:36:00.965Z [INFO]: 改革后法定退休年龄: 51岁 0个月, 延迟月数: 12个月
2024-09-20T12:36:00.966Z [INFO]: 2030年之前的最低缴费年限: 15年
2024-09-20T12:36:00.966Z [INFO]: 自愿提前退休时间: 2026年12月, 自愿延长退休时间: 2030年12月
2024-09-20T12:36:00.971Z [INFO]: 延迟月数: 12个月, 改革后退休时间: 2027年12月, 最低缴费年限: 15年0个月
2024-09-20T12:37:35.055Z [INFO]: 开始计算退休年龄: 出生年月 = 1945-2, 人员类型 = male
2024-09-20T12:37:35.056Z [INFO]: 出生于1965年1月之前，退休年龄为: 60岁
2024-09-20T12:37:35.057Z [INFO]: 2030年之前的最低缴费年限: 15年
2024-09-20T12:37:35.058Z [INFO]: 自愿提前退休时间: 2005年2月, 自愿延长退休时间: 2008年2月
2024-09-20T12:37:35.060Z [INFO]: 延迟月数: 0个月, 改革后退休时间: 2005年2月, 最低缴费年限: 15年0个月
2024-09-20T12:37:42.411Z [INFO]: 开始计算退休年龄: 出生年月 = 1987-2, 人员类型 = female50
2024-09-20T12:37:42.413Z [INFO]: 改革后法定退休年龄: 55岁 0个月, 延迟月数: 60个月
2024-09-20T12:37:42.414Z [INFO]: 2030年及之后的最低缴费年限: 20年0个月
2024-09-20T12:37:42.415Z [INFO]: 自愿提前退休时间: 2037年2月, 自愿延长退休时间: 2045年2月
2024-09-20T12:37:42.417Z [INFO]: 延迟月数: 60个月, 改革后退休时间: 2042年2月, 最低缴费年限: 20年0个月
2024-09-20T13:09:45.034Z [INFO]: 开始计算退休年龄: 出生年月 = 1988-2, 人员类型 = male
2024-09-20T13:09:45.034Z [INFO]: 改革后法定退休年龄: 63岁 0个月, 延迟月数: 36个月
2024-09-20T13:09:45.034Z [INFO]: 2030年及之后的最低缴费年限: 20年0个月
2024-09-20T13:09:45.035Z [INFO]: 自愿提前退休时间: 2048年2月, 自愿延长退休时间: 2054年2月
2024-09-20T13:09:45.036Z [INFO]: 延迟月数: 36个月, 改革后退休时间: 2051年2月, 最低缴费年限: 20年0个月
2024-09-20T13:28:31.822Z [INFO]: 开始计算退休年龄: 出生年月 = 1976-12, 人员类型 = male
2024-09-20T13:28:31.824Z [INFO]: 改革后法定退休年龄: 63岁 0个月, 延迟月数: 36个月
2024-09-20T13:28:31.825Z [INFO]: 2030年及之后的最低缴费年限: 20年0个月
2024-09-20T13:28:31.827Z [INFO]: 自愿提前退休时间: 2036年12月, 自愿延长退休时间: 2042年12月
2024-09-20T13:28:31.834Z [INFO]: 延迟月数: 36个月, 改革后退休时间: 2039年12月, 最低缴费年限: 20年0个月
2024-09-20T13:39:07.345Z [INFO]: 开始计算退休年龄: 出生年月 = 1976-12, 人员类型 = male
2024-09-20T13:39:07.346Z [INFO]: 改革后法定退休年龄: 63岁 0个月, 延迟月数: 36个月
2024-09-20T13:39:07.348Z [INFO]: 2030年及之后的最低缴费年限: 20年0个月
2024-09-20T13:39:07.348Z [INFO]: 自愿提前退休时间: 2036年12月, 自愿延长退休时间: 2042年12月
2024-09-20T13:39:07.353Z [INFO]: 延迟月数: 36个月, 改革后退休时间: 2039年12月, 最低缴费年限: 20年0个月
2024-09-20T13:39:35.710Z [INFO]: 开始计算退休年龄: 出生年月 = 177777-12, 人员类型 = male
2024-09-20T13:39:35.710Z [INFO]: 改革后法定退休年龄: 63岁 0个月, 延迟月数: 36个月
2024-09-20T13:39:35.712Z [INFO]: 2030年及之后的最低缴费年限: 20年0个月
2024-09-20T13:39:35.713Z [INFO]: 自愿提前退休时间: 177837年12月, 自愿延长退休时间: 177843年12月
2024-09-20T13:39:35.716Z [INFO]: 延迟月数: 36个月, 改革后退休时间: 177840年12月, 最低缴费年限: 20年0个月
2024-09-20T13:50:03.470Z [INFO]: 开始计算退休年龄: 出生年月 = 1988-2, 人员类型 = male
2024-09-20T13:50:03.470Z [INFO]: 改革后法定退休年龄: 63岁 0个月, 延迟月数: 36个月
2024-09-20T13:50:03.472Z [INFO]: 2030年及之后的最低缴费年限: 20年0个月
2024-09-20T13:50:03.473Z [INFO]: 自愿提前退休时间: 2048年2月, 自愿延长退休时间: 2054年2月
2024-09-20T13:50:03.475Z [INFO]: 延迟月数: 36个月, 改革后退休时间: 2051年2月, 最低缴费年限: 20年0个月
2024-09-21T14:12:38.393Z [INFO]: 开始计算退休年龄: 出生年月 = 1998-2, 人员类型 = male
2024-09-21T14:12:38.395Z [INFO]: 改革后法定退休年龄: 63岁 0个月, 延迟月数: 36个月
2024-09-21T14:12:38.395Z [INFO]: 2030年及之后的最低缴费年限: 20年0个月
2024-09-21T14:12:38.396Z [INFO]: 自愿提前退休时间: 2058年2月, 自愿延长退休时间: 2064年2月
2024-09-21T14:12:38.399Z [INFO]: 延迟月数: 36个月, 改革后退休时间: 2061年2月, 最低缴费年限: 20年0个月
2024-09-22T03:49:43.159Z [INFO]: 开始计算退休年龄: 出生年月 = 1976-6, 人员类型 = male
2024-09-22T03:49:43.161Z [INFO]: 改革后法定退休年龄: 62岁 11个月, 延迟月数: 35个月
2024-09-22T03:49:43.161Z [INFO]: 2030年及之后的最低缴费年限: 20年0个月
2024-09-22T03:49:43.162Z [INFO]: 自愿提前退休时间: 2036年6月, 自愿延长退休时间: 2042年5月
2024-09-22T03:49:43.165Z [INFO]: 延迟月数: 35个月, 改革后退休时间: 2039年5月, 最低缴费年限: 20年0个月
2024-09-22T03:49:46.993Z [INFO]: 开始计算退休年龄: 出生年月 = 1976-12, 人员类型 = male
2024-09-22T03:49:46.994Z [INFO]: 改革后法定退休年龄: 63岁 0个月, 延迟月数: 36个月
2024-09-22T03:49:46.995Z [INFO]: 2030年及之后的最低缴费年限: 20年0个月
2024-09-22T03:49:46.995Z [INFO]: 自愿提前退休时间: 2036年12月, 自愿延长退休时间: 2042年12月
2024-09-22T03:49:46.997Z [INFO]: 延迟月数: 36个月, 改革后退休时间: 2039年12月, 最低缴费年限: 20年0个月
2024-09-22T03:49:48.095Z [INFO]: 开始计算退休年龄: 出生年月 = 1976-12, 人员类型 = male
2024-09-22T03:49:48.096Z [INFO]: 改革后法定退休年龄: 63岁 0个月, 延迟月数: 36个月
2024-09-22T03:49:48.096Z [INFO]: 2030年及之后的最低缴费年限: 20年0个月
2024-09-22T03:49:48.097Z [INFO]: 自愿提前退休时间: 2036年12月, 自愿延长退休时间: 2042年12月
2024-09-22T03:49:48.099Z [INFO]: 延迟月数: 36个月, 改革后退休时间: 2039年12月, 最低缴费年限: 20年0个月
2024-09-22T03:49:52.150Z [INFO]: 开始计算退休年龄: 出生年月 = 1976-12, 人员类型 = male
2024-09-22T03:49:52.151Z [INFO]: 改革后法定退休年龄: 63岁 0个月, 延迟月数: 36个月
2024-09-22T03:49:52.151Z [INFO]: 2030年及之后的最低缴费年限: 20年0个月
2024-09-22T03:49:52.153Z [INFO]: 自愿提前退休时间: 2036年12月, 自愿延长退休时间: 2042年12月
2024-09-22T03:49:52.153Z [INFO]: 延迟月数: 36个月, 改革后退休时间: 2039年12月, 最低缴费年限: 20年0个月
2024-09-22T03:49:53.015Z [INFO]: 开始计算退休年龄: 出生年月 = 1976-12, 人员类型 = male
2024-09-22T03:49:53.015Z [INFO]: 改革后法定退休年龄: 63岁 0个月, 延迟月数: 36个月
2024-09-22T03:49:53.016Z [INFO]: 2030年及之后的最低缴费年限: 20年0个月
2024-09-22T03:49:53.016Z [INFO]: 自愿提前退休时间: 2036年12月, 自愿延长退休时间: 2042年12月
2024-09-22T03:49:53.018Z [INFO]: 延迟月数: 36个月, 改革后退休时间: 2039年12月, 最低缴费年限: 20年0个月
2024-09-22T03:49:53.815Z [INFO]: 开始计算退休年龄: 出生年月 = 1976-12, 人员类型 = male
2024-09-22T03:49:53.815Z [INFO]: 改革后法定退休年龄: 63岁 0个月, 延迟月数: 36个月
2024-09-22T03:49:53.816Z [INFO]: 2030年及之后的最低缴费年限: 20年0个月
2024-09-22T03:49:53.816Z [INFO]: 自愿提前退休时间: 2036年12月, 自愿延长退休时间: 2042年12月
2024-09-22T03:49:53.818Z [INFO]: 延迟月数: 36个月, 改革后退休时间: 2039年12月, 最低缴费年限: 20年0个月
2024-09-22T03:49:54.636Z [INFO]: 开始计算退休年龄: 出生年月 = 1976-12, 人员类型 = male
2024-09-22T03:49:54.636Z [INFO]: 改革后法定退休年龄: 63岁 0个月, 延迟月数: 36个月
2024-09-22T03:49:54.637Z [INFO]: 2030年及之后的最低缴费年限: 20年0个月
2024-09-22T03:49:54.637Z [INFO]: 自愿提前退休时间: 2036年12月, 自愿延长退休时间: 2042年12月
2024-09-22T03:49:54.639Z [INFO]: 延迟月数: 36个月, 改革后退休时间: 2039年12月, 最低缴费年限: 20年0个月
2024-09-22T03:49:55.922Z [INFO]: 开始计算退休年龄: 出生年月 = 1976-12, 人员类型 = male
2024-09-22T03:49:55.922Z [INFO]: 改革后法定退休年龄: 63岁 0个月, 延迟月数: 36个月
2024-09-22T03:49:55.923Z [INFO]: 2030年及之后的最低缴费年限: 20年0个月
2024-09-22T03:49:55.923Z [INFO]: 自愿提前退休时间: 2036年12月, 自愿延长退休时间: 2042年12月
2024-09-22T03:49:55.925Z [INFO]: 延迟月数: 36个月, 改革后退休时间: 2039年12月, 最低缴费年限: 20年0个月
